c:\users\pawel\desktop\inne\debug\vc120.pdb
c:\users\pawel\desktop\inne\debug\vc120.idb
c:\users\pawel\desktop\inne\debug\fileimpl.obj
c:\users\pawel\desktop\inne\debug\source.obj
c:\users\pawel\desktop\inne\debug\consoleapplication1.lib
c:\users\pawel\desktop\inne\debug\consoleapplication1.ilk
c:\users\pawel\desktop\inne\debug\consoleapplication1.dll
c:\users\pawel\desktop\inne\debug\consoleapplication1.pdb
c:\users\pawel\desktop\inne\debug\unittest1.ilk
c:\users\pawel\desktop\inne\debug\unittest1.exp
c:\users\pawel\desktop\inne\debug\unittest1.pdb
c:\users\pawel\desktop\inne\debug\consolea.b7f55cd5.tlog\cl.command.1.tlog
c:\users\pawel\desktop\inne\debug\consolea.b7f55cd5.tlog\cl.read.1.tlog
c:\users\pawel\desktop\inne\debug\consolea.b7f55cd5.tlog\cl.write.1.tlog
c:\users\pawel\desktop\inne\debug\consolea.b7f55cd5.tlog\consoleapplication1.write.1u.tlog
c:\users\pawel\desktop\inne\debug\consolea.b7f55cd5.tlog\lib-link.read.1.tlog
c:\users\pawel\desktop\inne\debug\consolea.b7f55cd5.tlog\lib-link.write.1.tlog
c:\users\pawel\desktop\inne\debug\consolea.b7f55cd5.tlog\lib.command.1.tlog
c:\users\pawel\desktop\inne\debug\consolea.b7f55cd5.tlog\link.command.1.tlog
c:\users\pawel\desktop\inne\debug\consolea.b7f55cd5.tlog\link.read.1.tlog
c:\users\pawel\desktop\inne\debug\consolea.b7f55cd5.tlog\link.write.1.tlog
